Nov 25, 2023 7:41:34 PM db.GestorBD <init>
INFO: Conexión establecida con éxito a la base de datos.
Nov 25, 2023 7:41:34 PM db.GestorBD crearTablas
INFO: Creacion de la tabla usuario satisfactoria.
Nov 25, 2023 7:41:34 PM db.GestorBD crearTablas
INFO: Creacion de la tabla sala satisfactoria.
Nov 25, 2023 7:41:34 PM db.GestorBD crearTablas
INFO: Creacion de la tabla clase satisfactoria.
Nov 25, 2023 7:41:34 PM db.GestorBD crearTablas
INFO: Creacion de la tabla reserva satisfactoria.
Nov 25, 2023 7:41:34 PM db.GestorBD crearTablas
INFO: Base de datos creada con exito.
Nov 25, 2023 7:41:34 PM db.GestorBD <init>
INFO: Conexión establecida con éxito a la base de datos.
Nov 25, 2023 7:41:34 PM db.GestorBD añadirUsuario
INFO: Usuario añadido a la base de datos correctamente.
Nov 25, 2023 7:41:34 PM domain.Gestor cargarUsuariosCSV
INFO: Usuario agregado a la base de datos: Usuario [dni=﻿79134735S, nombre=Inigo, apellido=DiazMunio, direccion=GranVia_35_5A_Bilbo, correoElectronico=inigodm12@gmail.com, contrasena=inigou]
Nov 25, 2023 7:41:34 PM db.GestorBD añadirUsuario
INFO: Usuario añadido a la base de datos correctamente.
Nov 25, 2023 7:41:34 PM domain.Gestor cargarUsuariosCSV
INFO: Usuario agregado a la base de datos: Usuario [dni=12345678A, nombre=Ignacio, apellido=Manero, direccion=CallePreciados_12_1B_Galdakao, correoElectronico=ignacio.manero@gmail.com, contrasena=Nachete35]
Nov 25, 2023 7:41:34 PM db.GestorBD añadirUsuario
INFO: Usuario añadido a la base de datos correctamente.
Nov 25, 2023 7:41:34 PM domain.Gestor cargarUsuariosCSV
INFO: Usuario agregado a la base de datos: Usuario [dni=87654321B, nombre=Ane, apellido=Arrate, direccion=CalleMayor_2_3B_Etxebarri, correoElectronico=anearrate@gmail.com, contrasena=ane1879]
Nov 25, 2023 7:41:34 PM db.GestorBD añadirUsuario
INFO: Usuario añadido a la base de datos correctamente.
Nov 25, 2023 7:41:34 PM domain.Gestor cargarUsuariosCSV
INFO: Usuario agregado a la base de datos: Usuario [dni=24681012Q, nombre=Irati, apellido=Arbizu, direccion=CalleElkano_75_4_Bilbo, correoElectronico=iratiarbizu@gmail.com, contrasena=Iratii234]
Nov 25, 2023 7:41:34 PM db.GestorBD añadirUsuario
INFO: Usuario añadido a la base de datos correctamente.
Nov 25, 2023 7:41:34 PM domain.Gestor cargarUsuariosCSV
INFO: Usuario agregado a la base de datos: Usuario [dni=08642448G, nombre=Pablo, apellido=Perez, direccion=CalleIndependentzia_11_3C_Basauri, correoElectronico=pabletep@gmail.com, contrasena=Pabletee123456]
Nov 25, 2023 7:41:34 PM db.GestorBD añadirUsuario
INFO: Usuario añadido a la base de datos correctamente.
Nov 25, 2023 7:41:34 PM domain.Gestor cargarUsuariosCSV
INFO: Usuario agregado a la base de datos: Usuario [dni=79132630T, nombre=Maialen, apellido=Aurrekoetxea, direccion=CalleLehendakariAgirre_12_3A_Bilbao, correoElectronico=maiaaurre@gmail.com, contrasena=Maaiaalen57830]
Nov 25, 2023 7:41:34 PM db.GestorBD añadirUsuario
INFO: Usuario añadido a la base de datos correctamente.
Nov 25, 2023 7:41:34 PM domain.Gestor cargarUsuariosCSV
INFO: Usuario agregado a la base de datos: Usuario [dni=56378291O, nombre=Juan, apellido=Gonzalez, direccion=CalleTrasera_5_5A_Bilbo, correoElectronico=juanjuangon@gmail.co, contrasena=juuaann98013]
Nov 25, 2023 7:41:34 PM db.GestorBD añadirUsuario
INFO: Usuario añadido a la base de datos correctamente.
Nov 25, 2023 7:41:34 PM domain.Gestor cargarUsuariosCSV
INFO: Usuario agregado a la base de datos: Usuario [dni=13579137I, nombre=Martin, apellido=Lopez, direccion=CallePrincipal_73_3C_Barakaldo, correoElectronico=martinlop@gmail.com, contrasena=MartinMartin1893]
Nov 25, 2023 7:41:34 PM db.GestorBD añadirUsuario
INFO: Usuario añadido a la base de datos correctamente.
Nov 25, 2023 7:41:34 PM domain.Gestor cargarUsuariosCSV
INFO: Usuario agregado a la base de datos: Usuario [dni=45328623J, nombre=Mikel, apellido=Agirre, direccion=CalleAmor_4_2A_Getxo, correoElectronico=agirremikel12@gmail.com, contrasena=Mikeltxo1234]
Nov 25, 2023 7:41:34 PM db.GestorBD añadirUsuario
INFO: Usuario añadido a la base de datos correctamente.
Nov 25, 2023 7:41:34 PM domain.Gestor cargarUsuariosCSV
INFO: Usuario agregado a la base de datos: Usuario [dni=28956710F, nombre=Andoni, apellido=Ugao, direccion=GranVia_12_2C_Bilbo, correoElectronico=anugao2003@gmail.com, contrasena=Andonii17092003]
Nov 25, 2023 7:41:34 PM domain.Gestor cargarClasesCSV
INFO: Clases cargadas correctamente.
Nov 25, 2023 7:41:34 PM db.GestorBD añadirClase
INFO: Clase añadida a la BD correctamente.
Nov 25, 2023 7:41:34 PM domain.Gestor cargarClasesCSV
INFO: Usuario agregado a la base de datos: Clase [IDClase=101, hora=10:00, tipoActividad=SPINNING, fecha=Tue Dec 12 00:00:00 CET 2023, sala=5, plazas=20]
Nov 25, 2023 7:41:34 PM domain.Gestor cargarClasesCSV
INFO: Clases cargadas correctamente.
Nov 25, 2023 7:41:34 PM db.GestorBD añadirClase
INFO: Clase añadida a la BD correctamente.
Nov 25, 2023 7:41:34 PM domain.Gestor cargarClasesCSV
INFO: Usuario agregado a la base de datos: Clase [IDClase=102, hora=17:00, tipoActividad=SPINNING, fecha=Thu Dec 14 00:00:00 CET 2023, sala=5, plazas=20]
Nov 25, 2023 7:41:34 PM domain.Gestor cargarClasesCSV
INFO: Clases cargadas correctamente.
Nov 25, 2023 7:41:34 PM db.GestorBD añadirClase
INFO: Clase añadida a la BD correctamente.
Nov 25, 2023 7:41:34 PM domain.Gestor cargarClasesCSV
INFO: Usuario agregado a la base de datos: Clase [IDClase=103, hora=9:00, tipoActividad=BOXEO, fecha=Tue Dec 12 00:00:00 CET 2023, sala=3, plazas=7]
Nov 25, 2023 7:41:34 PM domain.Gestor cargarClasesCSV
INFO: Clases cargadas correctamente.
Nov 25, 2023 7:41:34 PM db.GestorBD añadirClase
INFO: Clase añadida a la BD correctamente.
Nov 25, 2023 7:41:34 PM domain.Gestor cargarClasesCSV
INFO: Usuario agregado a la base de datos: Clase [IDClase=104, hora=16:00, tipoActividad=BOXEO, fecha=Thu Dec 14 00:00:00 CET 2023, sala=3, plazas=7]
Nov 25, 2023 7:41:34 PM domain.Gestor cargarClasesCSV
INFO: Clases cargadas correctamente.
Nov 25, 2023 7:41:34 PM db.GestorBD añadirClase
INFO: Clase añadida a la BD correctamente.
Nov 25, 2023 7:41:34 PM domain.Gestor cargarClasesCSV
INFO: Usuario agregado a la base de datos: Clase [IDClase=105, hora=20:00, tipoActividad=BOXEO, fecha=Mon Dec 11 00:00:00 CET 2023, sala=3, plazas=7]
Nov 25, 2023 7:41:34 PM domain.Gestor cargarClasesCSV
INFO: Clases cargadas correctamente.
Nov 25, 2023 7:41:34 PM db.GestorBD añadirClase
INFO: Clase añadida a la BD correctamente.
Nov 25, 2023 7:41:34 PM domain.Gestor cargarClasesCSV
INFO: Usuario agregado a la base de datos: Clase [IDClase=106, hora=11:00, tipoActividad=CROSSFIT, fecha=Wed Dec 13 00:00:00 CET 2023, sala=12, plazas=7]
Nov 25, 2023 7:41:34 PM domain.Gestor cargarClasesCSV
INFO: Clases cargadas correctamente.
Nov 25, 2023 7:41:34 PM db.GestorBD añadirClase
INFO: Clase añadida a la BD correctamente.
Nov 25, 2023 7:41:34 PM domain.Gestor cargarClasesCSV
INFO: Usuario agregado a la base de datos: Clase [IDClase=107, hora=18:00, tipoActividad=CROSSFIT, fecha=Fri Dec 15 00:00:00 CET 2023, sala=12, plazas=7]
Nov 25, 2023 7:41:34 PM domain.Gestor cargarClasesCSV
INFO: Clases cargadas correctamente.
Nov 25, 2023 7:41:34 PM db.GestorBD añadirClase
INFO: Clase añadida a la BD correctamente.
Nov 25, 2023 7:41:34 PM domain.Gestor cargarClasesCSV
INFO: Usuario agregado a la base de datos: Clase [IDClase=108, hora=11:00, tipoActividad=GAP, fecha=Wed Dec 13 00:00:00 CET 2023, sala=11, plazas=14]
Nov 25, 2023 7:41:34 PM domain.Gestor cargarClasesCSV
INFO: Clases cargadas correctamente.
Nov 25, 2023 7:41:34 PM db.GestorBD añadirClase
INFO: Clase añadida a la BD correctamente.
Nov 25, 2023 7:41:34 PM domain.Gestor cargarClasesCSV
INFO: Usuario agregado a la base de datos: Clase [IDClase=109, hora=17:00, tipoActividad=GAP, fecha=Fri Dec 15 00:00:00 CET 2023, sala=11, plazas=14]
Nov 25, 2023 7:41:34 PM domain.Gestor cargarClasesCSV
INFO: Clases cargadas correctamente.
Nov 25, 2023 7:41:34 PM db.GestorBD añadirClase
INFO: Clase añadida a la BD correctamente.
Nov 25, 2023 7:41:34 PM domain.Gestor cargarClasesCSV
INFO: Usuario agregado a la base de datos: Clase [IDClase=110, hora=9:30, tipoActividad=TRX, fecha=Mon Dec 18 00:00:00 CET 2023, sala=10, plazas=14]
Nov 25, 2023 7:41:34 PM domain.Gestor cargarClasesCSV
INFO: Clases cargadas correctamente.
Nov 25, 2023 7:41:34 PM db.GestorBD añadirClase
INFO: Clase añadida a la BD correctamente.
Nov 25, 2023 7:41:34 PM domain.Gestor cargarClasesCSV
INFO: Usuario agregado a la base de datos: Clase [IDClase=111, hora=16:30, tipoActividad=TRX, fecha=Mon Dec 18 00:00:00 CET 2023, sala=10, plazas=14]
Nov 25, 2023 7:41:34 PM domain.Gestor cargarClasesCSV
INFO: Clases cargadas correctamente.
Nov 25, 2023 7:41:35 PM db.GestorBD añadirClase
INFO: Clase añadida a la BD correctamente.
Nov 25, 2023 7:41:35 PM domain.Gestor cargarClasesCSV
INFO: Usuario agregado a la base de datos: Clase [IDClase=112, hora=11:30, tipoActividad=DEFINICION, fecha=Fri Jan 12 00:00:00 CET 2024, sala=9, plazas=14]
Nov 25, 2023 7:41:35 PM domain.Gestor cargarClasesCSV
INFO: Clases cargadas correctamente.
Nov 25, 2023 7:41:35 PM db.GestorBD añadirClase
INFO: Clase añadida a la BD correctamente.
Nov 25, 2023 7:41:35 PM domain.Gestor cargarClasesCSV
INFO: Usuario agregado a la base de datos: Clase [IDClase=113, hora=16:30, tipoActividad=DEFINICION, fecha=Mon Jan 15 00:00:00 CET 2024, sala=9, plazas=14]
Nov 25, 2023 7:41:35 PM domain.Gestor cargarClasesCSV
INFO: Clases cargadas correctamente.
Nov 25, 2023 7:41:35 PM db.GestorBD añadirClase
INFO: Clase añadida a la BD correctamente.
Nov 25, 2023 7:41:35 PM domain.Gestor cargarClasesCSV
INFO: Usuario agregado a la base de datos: Clase [IDClase=114, hora=10:00, tipoActividad=AQUAGYM_MAYORES, fecha=Wed Dec 20 00:00:00 CET 2023, sala=13, plazas=20]
Nov 25, 2023 7:41:35 PM domain.Gestor cargarClasesCSV
INFO: Clases cargadas correctamente.
Nov 25, 2023 7:41:35 PM db.GestorBD añadirClase
INFO: Clase añadida a la BD correctamente.
Nov 25, 2023 7:41:35 PM domain.Gestor cargarClasesCSV
INFO: Usuario agregado a la base de datos: Clase [IDClase=115, hora=18:00, tipoActividad=AQUAGYM_MAYORES, fecha=Thu Dec 21 00:00:00 CET 2023, sala=13, plazas=20]
Nov 25, 2023 7:41:35 PM domain.Gestor cargarClasesCSV
INFO: Clases cargadas correctamente.
Nov 25, 2023 7:41:35 PM db.GestorBD añadirClase
INFO: Clase añadida a la BD correctamente.
Nov 25, 2023 7:41:35 PM domain.Gestor cargarClasesCSV
INFO: Usuario agregado a la base de datos: Clase [IDClase=116, hora=9:00, tipoActividad=JUEGOS_ACUATICOS, fecha=Fri Jan 12 00:00:00 CET 2024, sala=14, plazas=20]
Nov 25, 2023 7:41:35 PM domain.Gestor cargarClasesCSV
INFO: Clases cargadas correctamente.
Nov 25, 2023 7:41:35 PM db.GestorBD añadirClase
INFO: Clase añadida a la BD correctamente.
Nov 25, 2023 7:41:35 PM domain.Gestor cargarClasesCSV
INFO: Usuario agregado a la base de datos: Clase [IDClase=117, hora=18:00, tipoActividad=JUEGOS_ACUATICOS, fecha=Mon Jan 15 00:00:00 CET 2024, sala=14, plazas=20]
Nov 25, 2023 7:41:35 PM domain.Gestor cargarClasesCSV
INFO: Clases cargadas correctamente.
Nov 25, 2023 7:41:35 PM db.GestorBD añadirClase
INFO: Clase añadida a la BD correctamente.
Nov 25, 2023 7:41:35 PM domain.Gestor cargarClasesCSV
INFO: Usuario agregado a la base de datos: Clase [IDClase=118, hora=12:00, tipoActividad=HALTEROFILIA, fecha=Tue Jan 16 00:00:00 CET 2024, sala=4, plazas=14]
Nov 25, 2023 7:41:35 PM domain.Gestor cargarClasesCSV
INFO: Clases cargadas correctamente.
Nov 25, 2023 7:41:35 PM db.GestorBD añadirClase
INFO: Clase añadida a la BD correctamente.
Nov 25, 2023 7:41:35 PM domain.Gestor cargarClasesCSV
INFO: Usuario agregado a la base de datos: Clase [IDClase=119, hora=10:30, tipoActividad=PILATES, fecha=Wed Dec 13 00:00:00 CET 2023, sala=7, plazas=20]
Nov 25, 2023 7:41:35 PM domain.Gestor cargarClasesCSV
INFO: Clases cargadas correctamente.
Nov 25, 2023 7:41:35 PM db.GestorBD añadirClase
INFO: Clase añadida a la BD correctamente.
Nov 25, 2023 7:41:35 PM domain.Gestor cargarClasesCSV
INFO: Usuario agregado a la base de datos: Clase [IDClase=120, hora=19:00, tipoActividad=PILATES, fecha=Fri Dec 15 00:00:00 CET 2023, sala=7, plazas=20]
Nov 25, 2023 7:41:35 PM domain.Gestor cargarClasesCSV
INFO: Clases cargadas correctamente.
Nov 25, 2023 7:41:35 PM db.GestorBD añadirClase
INFO: Clase añadida a la BD correctamente.
Nov 25, 2023 7:41:35 PM domain.Gestor cargarClasesCSV
INFO: Usuario agregado a la base de datos: Clase [IDClase=121, hora=17:30, tipoActividad=CARDIO, fecha=Mon Feb 05 00:00:00 CET 2024, sala=6, plazas=14]
Nov 25, 2023 7:41:35 PM domain.Gestor cargarClasesCSV
INFO: Clases cargadas correctamente.
Nov 25, 2023 7:41:35 PM db.GestorBD añadirClase
INFO: Clase añadida a la BD correctamente.
Nov 25, 2023 7:41:35 PM domain.Gestor cargarClasesCSV
INFO: Usuario agregado a la base de datos: Clase [IDClase=122, hora=16:00, tipoActividad=ZUMBA, fecha=Tue Feb 06 00:00:00 CET 2024, sala=2, plazas=18]
Nov 25, 2023 7:41:35 PM domain.Gestor cargarClasesCSV
INFO: Clases cargadas correctamente.
Nov 25, 2023 7:41:35 PM db.GestorBD añadirClase
INFO: Clase añadida a la BD correctamente.
Nov 25, 2023 7:41:35 PM domain.Gestor cargarClasesCSV
INFO: Usuario agregado a la base de datos: Clase [IDClase=123, hora=19:00, tipoActividad=ZUMBA, fecha=Thu Feb 08 00:00:00 CET 2024, sala=2, plazas=18]
Nov 25, 2023 7:41:35 PM domain.Gestor cargarClasesCSV
INFO: Clases cargadas correctamente.
Nov 25, 2023 7:41:35 PM db.GestorBD añadirClase
INFO: Clase añadida a la BD correctamente.
Nov 25, 2023 7:41:35 PM domain.Gestor cargarClasesCSV
INFO: Usuario agregado a la base de datos: Clase [IDClase=124, hora=10:00, tipoActividad=YOGA, fecha=Thu Feb 08 00:00:00 CET 2024, sala=8, plazas=22]
Nov 25, 2023 7:41:35 PM domain.Gestor cargarClasesCSV
INFO: Clases cargadas correctamente.
Nov 25, 2023 7:41:35 PM db.GestorBD añadirClase
INFO: Clase añadida a la BD correctamente.
Nov 25, 2023 7:41:35 PM domain.Gestor cargarClasesCSV
INFO: Usuario agregado a la base de datos: Clase [IDClase=125, hora=20:00, tipoActividad=YOGA, fecha=Fri Feb 09 00:00:00 CET 2024, sala=8, plazas=22]
Nov 25, 2023 7:41:35 PM domain.Gestor cargarClasesCSV
INFO: Clases cargadas correctamente.
Nov 25, 2023 7:41:35 PM db.GestorBD añadirClase
INFO: Clase añadida a la BD correctamente.
Nov 25, 2023 7:41:35 PM domain.Gestor cargarClasesCSV
INFO: Usuario agregado a la base de datos: Clase [IDClase=126, hora=18:30, tipoActividad=FUNCIONAL, fecha=Mon Feb 05 00:00:00 CET 2024, sala=1, plazas=14]
Nov 25, 2023 7:41:35 PM gui.VentanaPrincipal initialize
INFO: botón salida pressed
